\BOOKMARK [0][-]{chapter*.1}{\376\377\000R\000e\000s\000u\000m\000o}{}% 1
\BOOKMARK [0][-]{chapter.1}{\376\377\000I\000n\000t\000r\000o\000d\000u\000\347\000\343\000o\000\040\000\340\000s\000\040\000B\000l\000o\000c\000k\000c\000h\000a\000i\000n\000s\000\040\000e\000\040\000S\000i\000s\000t\000e\000m\000a\000s\000\040\000D\000i\000s\000t\000r\000i\000b\000u\000\355\000d\000o\000s}{}% 2
\BOOKMARK [1][-]{section.1.1}{\376\377\000C\000o\000n\000t\000e\000x\000t\000o\000\040\000e\000\040\000M\000o\000t\000i\000v\000a\000\347\000\343\000o}{chapter.1}% 3
\BOOKMARK [1][-]{section.1.2}{\376\377\000O\000r\000i\000g\000e\000n\000s\000\040\000e\000\040\000E\000v\000o\000l\000u\000\347\000\343\000o\000\040\000H\000i\000s\000t\000\363\000r\000i\000c\000a}{chapter.1}% 4
\BOOKMARK [2][-]{subsection.1.2.1}{\376\377\000O\000s\000\040\000P\000r\000e\000c\000u\000r\000s\000o\000r\000e\000s\000:\000\040\000C\000r\000i\000p\000t\000o\000g\000r\000a\000f\000i\000a\000\040\000e\000\040\000M\000o\000e\000d\000a\000s\000\040\000E\000l\000e\000t\000r\000\364\000n\000i\000c\000a\000s}{section.1.2}% 5
\BOOKMARK [2][-]{subsection.1.2.2}{\376\377\000O\000\040\000B\000i\000t\000c\000o\000i\000n\000\040\000e\000\040\000a\000\040\000I\000n\000v\000e\000n\000\347\000\343\000o\000\040\000d\000o\000\040\000B\000l\000o\000c\000k\000c\000h\000a\000i\000n}{section.1.2}% 6
\BOOKMARK [2][-]{subsection.1.2.3}{\376\377\000D\000a\000\040\000C\000r\000i\000p\000t\000o\000m\000o\000e\000d\000a\000\040\000\340\000\040\000T\000e\000c\000n\000o\000l\000o\000g\000i\000a\000\040\000d\000e\000\040\000P\000r\000o\000p\000\363\000s\000i\000t\000o\000\040\000G\000e\000r\000a\000l}{section.1.2}% 7
\BOOKMARK [1][-]{section.1.3}{\376\377\000S\000i\000s\000t\000e\000m\000a\000s\000\040\000D\000i\000s\000t\000r\000i\000b\000u\000\355\000d\000o\000s\000:\000\040\000F\000u\000n\000d\000a\000m\000e\000n\000t\000o\000s}{chapter.1}% 8
\BOOKMARK [2][-]{subsection.1.3.1}{\376\377\000D\000e\000f\000i\000n\000i\000\347\000\343\000o\000\040\000e\000\040\000C\000a\000r\000a\000c\000t\000e\000r\000\355\000s\000t\000i\000c\000a\000s}{section.1.3}% 9
\BOOKMARK [2][-]{subsection.1.3.2}{\376\377\000O\000\040\000P\000r\000o\000b\000l\000e\000m\000a\000\040\000d\000o\000s\000\040\000G\000e\000n\000e\000r\000a\000i\000s\000\040\000B\000i\000z\000a\000n\000t\000i\000n\000o\000s}{section.1.3}% 10
\BOOKMARK [2][-]{subsection.1.3.3}{\376\377\000O\000\040\000T\000e\000o\000r\000e\000m\000a\000\040\000C\000A\000P}{section.1.3}% 11
\BOOKMARK [2][-]{subsection.1.3.4}{\376\377\000O\000\040\000T\000e\000o\000r\000e\000m\000a\000\040\000P\000A\000C\000E\000L\000C}{section.1.3}% 12
\BOOKMARK [1][-]{section.1.4}{\376\377\000A\000r\000q\000u\000i\000t\000e\000t\000u\000r\000a\000\040\000G\000e\000r\000a\000l\000\040\000d\000e\000\040\000u\000m\000a\000\040\000B\000l\000o\000c\000k\000c\000h\000a\000i\000n}{chapter.1}% 13
\BOOKMARK [2][-]{subsection.1.4.1}{\376\377\000D\000e\000f\000i\000n\000i\000\347\000\365\000e\000s\000\040\000F\000u\000n\000d\000a\000m\000e\000n\000t\000a\000i\000s}{section.1.4}% 14
\BOOKMARK [2][-]{subsection.1.4.2}{\376\377\000V\000i\000s\000\343\000o\000\040\000e\000m\000\040\000C\000a\000m\000a\000d\000a\000s}{section.1.4}% 15
\BOOKMARK [2][-]{subsection.1.4.3}{\376\377\000E\000l\000e\000m\000e\000n\000t\000o\000s\000\040\000G\000e\000n\000\351\000r\000i\000c\000o\000s}{section.1.4}% 16
\BOOKMARK [2][-]{subsection.1.4.4}{\376\377\000O\000\040\000P\000r\000o\000c\000e\000s\000s\000o\000\040\000d\000e\000\040\000C\000o\000n\000s\000e\000n\000s\000o\000\040\000e\000\040\000A\000d\000i\000\347\000\343\000o\000\040\000d\000e\000\040\000B\000l\000o\000c\000o\000s}{section.1.4}% 17
\BOOKMARK [0][-]{chapter.2}{\376\377\000D\000e\000s\000c\000e\000n\000t\000r\000a\000l\000i\000z\000a\000\347\000\343\000o\000\040\000e\000\040\000A\000r\000q\000u\000i\000t\000e\000t\000u\000r\000a\000\040\000d\000e\000\040\000R\000e\000d\000e}{}% 18
\BOOKMARK [1][-]{section.2.1}{\376\377\000O\000\040\000C\000o\000n\000c\000e\000i\000t\000o\000\040\000d\000e\000\040\000D\000e\000s\000c\000e\000n\000t\000r\000a\000l\000i\000z\000a\000\347\000\343\000o}{chapter.2}% 19
\BOOKMARK [1][-]{section.2.2}{\376\377\000B\000e\000n\000e\000f\000\355\000c\000i\000o\000s\000\040\000d\000a\000\040\000D\000e\000s\000c\000e\000n\000t\000r\000a\000l\000i\000z\000a\000\347\000\343\000o}{chapter.2}% 20
\BOOKMARK [2][-]{subsection.2.2.1}{\376\377\000R\000e\000s\000i\000l\000i\000\352\000n\000c\000i\000a\000\040\000e\000\040\000E\000l\000i\000m\000i\000n\000a\000\347\000\343\000o\000\040\000d\000o\000\040\000P\000o\000n\000t\000o\000\040\000\332\000n\000i\000c\000o\000\040\000d\000e\000\040\000F\000a\000l\000h\000a}{section.2.2}% 21
\BOOKMARK [2][-]{subsection.2.2.2}{\376\377\000R\000e\000s\000i\000s\000t\000\352\000n\000c\000i\000a\000\040\000\340\000\040\000C\000e\000n\000s\000u\000r\000a}{section.2.2}% 22
\BOOKMARK [2][-]{subsection.2.2.3}{\376\377\000T\000r\000a\000n\000s\000p\000a\000r\000\352\000n\000c\000i\000a\000\040\000e\000\040\000C\000o\000n\000f\000i\000a\000n\000\347\000a\000\040\000A\000l\000g\000o\000r\000\355\000t\000m\000i\000c\000a}{section.2.2}% 23
\BOOKMARK [1][-]{section.2.3}{\376\377\000R\000e\000d\000e\000\040\000P\000e\000e\000r\000-\000t\000o\000-\000P\000e\000e\000r\000:\000\040\000T\000o\000p\000o\000l\000o\000g\000i\000a\000\040\000e\000\040\000C\000o\000m\000u\000n\000i\000c\000a\000\347\000\343\000o}{chapter.2}% 24
\BOOKMARK [2][-]{subsection.2.3.1}{\376\377\000T\000o\000p\000o\000l\000o\000g\000i\000a\000\040\000d\000a\000\040\000R\000e\000d\000e}{section.2.3}% 25
\BOOKMARK [2][-]{subsection.2.3.2}{\376\377\000P\000r\000o\000p\000a\000g\000a\000\347\000\343\000o\000\040\000d\000e\000\040\000D\000a\000d\000o\000s\000\040\000e\000\040\000o\000\040\000P\000r\000o\000t\000o\000c\000o\000l\000o\000\040\000G\000o\000s\000s\000i\000p}{section.2.3}% 26
\BOOKMARK [1][-]{section.2.4}{\376\377\000D\000e\000s\000c\000e\000n\000t\000r\000a\000l\000i\000z\000a\000\347\000\343\000o\000\040\000e\000m\000\040\000P\000r\000\341\000t\000i\000c\000a}{chapter.2}% 27
\BOOKMARK [2][-]{subsection.2.4.1}{\376\377\000C\000o\000n\000t\000r\000a\000t\000o\000s\000\040\000I\000n\000t\000e\000l\000i\000g\000e\000n\000t\000e\000s}{section.2.4}% 28
\BOOKMARK [2][-]{subsection.2.4.2}{\376\377\000O\000r\000g\000a\000n\000i\000z\000a\000\347\000\365\000e\000s\000\040\000A\000u\000t\000\364\000n\000o\000m\000a\000s\000\040\000D\000e\000s\000c\000e\000n\000t\000r\000a\000l\000i\000z\000a\000d\000a\000s}{section.2.4}% 29
\BOOKMARK [2][-]{subsection.2.4.3}{\376\377\000A\000g\000e\000n\000t\000e\000s\000\040\000A\000u\000t\000\364\000n\000o\000m\000o\000s}{section.2.4}% 30
\BOOKMARK [1][-]{section.2.5}{\376\377\000O\000\040\000D\000i\000l\000e\000m\000a\000\040\000d\000a\000\040\000D\000e\000s\000c\000e\000n\000t\000r\000a\000l\000i\000z\000a\000\347\000\343\000o}{chapter.2}% 31
\BOOKMARK [1][-]{section.2.6}{\376\377\000T\000i\000p\000o\000s\000\040\000d\000e\000\040\000B\000l\000o\000c\000k\000c\000h\000a\000i\000n\000\040\000p\000o\000r\000\040\000A\000c\000e\000s\000s\000o}{chapter.2}% 32
\BOOKMARK [2][-]{subsection.2.6.1}{\376\377\000B\000l\000o\000c\000k\000c\000h\000a\000i\000n\000s\000\040\000P\000\372\000b\000l\000i\000c\000a\000s}{section.2.6}% 33
\BOOKMARK [2][-]{subsection.2.6.2}{\376\377\000B\000l\000o\000c\000k\000c\000h\000a\000i\000n\000s\000\040\000P\000r\000i\000v\000a\000d\000a\000s\000\040\000e\000\040\000d\000e\000\040\000C\000o\000n\000s\000\363\000r\000c\000i\000o}{section.2.6}% 34
\BOOKMARK [2][-]{subsection.2.6.3}{\376\377\000B\000l\000o\000c\000k\000c\000h\000a\000i\000n\000s\000\040\000S\000e\000m\000i\000-\000P\000r\000i\000v\000a\000d\000a\000s\000\040\000e\000\040\000H\000\355\000b\000r\000i\000d\000a\000s}{section.2.6}% 35
\BOOKMARK [2][-]{subsection.2.6.4}{\376\377\000L\000e\000d\000g\000e\000r\000s\000\040\000P\000e\000r\000m\000i\000s\000s\000i\000o\000n\000a\000d\000o\000s}{section.2.6}% 36
\BOOKMARK [1][-]{section.2.7}{\376\377\000T\000i\000p\000o\000s\000\040\000p\000o\000r\000\040\000T\000o\000k\000e\000n}{chapter.2}% 37
\BOOKMARK [1][-]{section.2.8}{\376\377\000A\000r\000q\000u\000i\000t\000e\000t\000u\000r\000a\000\040\000e\000m\000\040\000C\000a\000m\000a\000d\000a\000s}{chapter.2}% 38
\BOOKMARK [2][-]{subsection.2.8.1}{\376\377\000B\000l\000o\000c\000k\000c\000h\000a\000i\000n\000s\000\040\000d\000e\000\040\000C\000a\000m\000a\000d\000a\000\040\0001}{section.2.8}% 39
\BOOKMARK [2][-]{subsection.2.8.2}{\376\377\000B\000l\000o\000c\000k\000c\000h\000a\000i\000n\000s\000\040\000d\000e\000\040\000C\000a\000m\000a\000d\000a\000\040\0002}{section.2.8}% 40
\BOOKMARK [0][-]{chapter.3}{\376\377\000F\000u\000n\000d\000a\000m\000e\000n\000t\000o\000s\000\040\000C\000r\000i\000p\000t\000o\000g\000r\000\341\000f\000i\000c\000o\000s}{}% 41
\BOOKMARK [1][-]{section.3.1}{\376\377\000I\000n\000t\000r\000o\000d\000u\000\347\000\343\000o\000\040\000\340\000\040\000C\000r\000i\000p\000t\000o\000g\000r\000a\000f\000i\000a}{chapter.3}% 42
\BOOKMARK [2][-]{subsection.3.1.1}{\376\377\000S\000e\000r\000v\000i\000\347\000o\000s\000\040\000P\000r\000o\000v\000i\000d\000o\000s\000\040\000p\000e\000l\000a\000\040\000C\000r\000i\000p\000t\000o\000g\000r\000a\000f\000i\000a}{section.3.1}% 43
\BOOKMARK [1][-]{section.3.2}{\376\377\000P\000r\000i\000m\000i\000t\000i\000v\000a\000s\000\040\000C\000r\000i\000p\000t\000o\000g\000r\000\341\000f\000i\000c\000a\000s}{chapter.3}% 44
\BOOKMARK [2][-]{subsection.3.2.1}{\376\377\000P\000r\000i\000m\000i\000t\000i\000v\000a\000s\000\040\000S\000e\000m\000\040\000C\000h\000a\000v\000e}{section.3.2}% 45
\BOOKMARK [2][-]{subsection.3.2.2}{\376\377\000P\000r\000i\000m\000i\000t\000i\000v\000a\000s\000\040\000d\000e\000\040\000C\000h\000a\000v\000e\000\040\000S\000i\000m\000\351\000t\000r\000i\000c\000a}{section.3.2}% 46
\BOOKMARK [2][-]{subsection.3.2.3}{\376\377\000P\000r\000i\000m\000i\000t\000i\000v\000a\000s\000\040\000d\000e\000\040\000C\000h\000a\000v\000e\000\040\000A\000s\000s\000i\000m\000\351\000t\000r\000i\000c\000a}{section.3.2}% 47
\BOOKMARK [1][-]{section.3.3}{\376\377\000F\000u\000n\000\347\000\365\000e\000s\000\040\000d\000e\000\040\000H\000a\000s\000h}{chapter.3}% 48
\BOOKMARK [2][-]{subsection.3.3.1}{\376\377\000P\000r\000o\000p\000r\000i\000e\000d\000a\000d\000e\000s\000\040\000d\000a\000s\000\040\000F\000u\000n\000\347\000\365\000e\000s\000\040\000d\000e\000\040\000H\000a\000s\000h}{section.3.3}% 49
\BOOKMARK [2][-]{subsection.3.3.2}{\376\377\000S\000H\000A\000-\0002\0005\0006\000\040\000e\000\040\000A\000p\000l\000i\000c\000a\000\347\000\365\000e\000s\000\040\000e\000m\000\040\000B\000l\000o\000c\000k\000c\000h\000a\000i\000n}{section.3.3}% 50
\BOOKMARK [2][-]{subsection.3.3.3}{\376\377\000\301\000r\000v\000o\000r\000e\000\040\000d\000e\000\040\000M\000e\000r\000k\000l\000e}{section.3.3}% 51
\BOOKMARK [1][-]{section.3.4}{\376\377\000C\000r\000i\000p\000t\000o\000g\000r\000a\000f\000i\000a\000\040\000S\000i\000m\000\351\000t\000r\000i\000c\000a}{chapter.3}% 52
\BOOKMARK [1][-]{section.3.5}{\376\377\000C\000r\000i\000p\000t\000o\000g\000r\000a\000f\000i\000a\000\040\000A\000s\000s\000i\000m\000\351\000t\000r\000i\000c\000a}{chapter.3}% 53
\BOOKMARK [2][-]{subsection.3.5.1}{\376\377\000F\000u\000n\000d\000a\000m\000e\000n\000t\000o\000s\000\040\000M\000a\000t\000e\000m\000\341\000t\000i\000c\000o\000s}{section.3.5}% 54
\BOOKMARK [1][-]{section.3.6}{\376\377\000C\000h\000a\000v\000e\000s\000\040\000P\000\372\000b\000l\000i\000c\000a\000\040\000e\000\040\000P\000r\000i\000v\000a\000d\000a\000:\000\040\000G\000e\000r\000a\000\347\000\343\000o\000\040\000e\000\040\000S\000e\000g\000u\000r\000a\000n\000\347\000a}{chapter.3}% 55
\BOOKMARK [1][-]{section.3.7}{\376\377\000A\000s\000s\000i\000n\000a\000t\000u\000r\000a\000s\000\040\000D\000i\000g\000i\000t\000a\000i\000s}{chapter.3}% 56
\BOOKMARK [1][-]{section.3.8}{\376\377\000E\000n\000d\000e\000r\000e\000\347\000o\000s\000\040\000e\000m\000\040\000B\000l\000o\000c\000k\000c\000h\000a\000i\000n}{chapter.3}% 57
\BOOKMARK [0][-]{chapter.4}{\376\377\000A\000l\000g\000o\000r\000i\000t\000m\000o\000s\000\040\000d\000e\000\040\000C\000o\000n\000s\000e\000n\000s\000o}{}% 58
\BOOKMARK [1][-]{section.4.1}{\376\377\000O\000\040\000P\000r\000o\000b\000l\000e\000m\000a\000\040\000d\000o\000\040\000C\000o\000n\000s\000e\000n\000s\000o\000\040\000e\000m\000\040\000S\000i\000s\000t\000e\000m\000a\000s\000\040\000D\000i\000s\000t\000r\000i\000b\000u\000\355\000d\000o\000s}{chapter.4}% 59
\BOOKMARK [2][-]{subsection.4.1.1}{\376\377\000R\000e\000q\000u\000i\000s\000i\000t\000o\000s\000\040\000F\000u\000n\000d\000a\000m\000e\000n\000t\000a\000i\000s}{section.4.1}% 60
\BOOKMARK [2][-]{subsection.4.1.2}{\376\377\000T\000o\000l\000e\000r\000\342\000n\000c\000i\000a\000\040\000a\000\040\000F\000a\000l\000h\000a\000s}{section.4.1}% 61
\BOOKMARK [1][-]{section.4.2}{\376\377\000F\000a\000l\000h\000a\000s\000\040\000B\000i\000z\000a\000n\000t\000i\000n\000a\000s}{chapter.4}% 62
\BOOKMARK [1][-]{section.4.3}{\376\377\000P\000r\000o\000o\000f\000\040\000o\000f\000\040\000W\000o\000r\000k}{chapter.4}% 63
\BOOKMARK [2][-]{subsection.4.3.1}{\376\377\000M\000e\000c\000a\000n\000i\000s\000m\000o\000\040\000e\000\040\000B\000u\000s\000c\000a\000\040\000d\000o\000\040\000N\000o\000n\000c\000e}{section.4.3}% 64
\BOOKMARK [2][-]{subsection.4.3.2}{\376\377\000T\000a\000r\000g\000e\000t\000\040\000H\000a\000s\000h\000\040\000e\000\040\000D\000i\000f\000i\000c\000u\000l\000d\000a\000d\000e\000\040\000A\000j\000u\000s\000t\000\341\000v\000e\000l}{section.4.3}% 65
\BOOKMARK [2][-]{subsection.4.3.3}{\376\377\000S\000e\000g\000u\000r\000a\000n\000\347\000a\000\040\000p\000o\000r\000\040\000C\000u\000s\000t\000o\000\040\000C\000o\000m\000p\000u\000t\000a\000c\000i\000o\000n\000a\000l}{section.4.3}% 66
\BOOKMARK [1][-]{section.4.4}{\376\377\000P\000r\000o\000o\000f\000\040\000o\000f\000\040\000S\000t\000a\000k\000e}{chapter.4}% 67
\BOOKMARK [2][-]{subsection.4.4.1}{\376\377\000V\000a\000l\000i\000d\000a\000d\000o\000r\000e\000s\000\040\000e\000\040\000S\000t\000a\000k\000e\000\040\000c\000o\000m\000o\000\040\000G\000a\000r\000a\000n\000t\000i\000a}{section.4.4}% 68
\BOOKMARK [2][-]{subsection.4.4.2}{\376\377\000S\000e\000l\000e\000\347\000\343\000o\000\040\000d\000e\000\040\000V\000a\000l\000i\000d\000a\000d\000o\000r\000e\000s}{section.4.4}% 69
\BOOKMARK [2][-]{subsection.4.4.3}{\376\377\000S\000l\000a\000s\000h\000i\000n\000g\000\040\000e\000\040\000R\000e\000c\000o\000m\000p\000e\000n\000s\000a\000s}{section.4.4}% 70
\BOOKMARK [2][-]{subsection.4.4.4}{\376\377\000O\000\040\000P\000r\000o\000b\000l\000e\000m\000a\000\040\000d\000o\000\040\000N\000o\000t\000h\000i\000n\000g\000\040\000a\000t\000\040\000S\000t\000a\000k\000e}{section.4.4}% 71
\BOOKMARK [1][-]{section.4.5}{\376\377\000C\000o\000m\000p\000a\000r\000a\000\347\000\343\000o\000\040\000e\000n\000t\000r\000e\000\040\000P\000o\000W\000\040\000e\000\040\000P\000o\000S}{chapter.4}% 72
\BOOKMARK [1][-]{section.4.6}{\376\377\000T\000r\000a\000d\000e\000-\000o\000f\000f\000s\000\040\000d\000e\000\040\000C\000o\000n\000s\000e\000n\000s\000o}{chapter.4}% 73
\BOOKMARK [2][-]{subsection.4.6.1}{\376\377\000O\000\040\000T\000e\000o\000r\000e\000m\000a\000\040\000C\000A\000P\000\040\000R\000e\000v\000i\000s\000i\000t\000a\000d\000o}{section.4.6}% 74
\BOOKMARK [2][-]{subsection.4.6.2}{\376\377\000O\000\040\000T\000r\000i\000\342\000n\000g\000u\000l\000o\000\040\000I\000m\000p\000o\000s\000s\000\355\000v\000e\000l}{section.4.6}% 75
\BOOKMARK [2][-]{subsection.4.6.3}{\376\377\000F\000i\000n\000a\000l\000i\000d\000a\000d\000e\000:\000\040\000P\000r\000o\000b\000a\000b\000i\000l\000\355\000s\000t\000i\000c\000a\000\040\000v\000e\000r\000s\000u\000s\000\040\000D\000e\000t\000e\000r\000m\000i\000n\000\355\000s\000t\000i\000c\000a}{section.4.6}% 76
\BOOKMARK [0][-]{chapter.5}{\376\377\000B\000i\000t\000c\000o\000i\000n\000\040\040\024\000\040\000A\000\040\000P\000i\000o\000n\000e\000i\000r\000a}{}% 77
\BOOKMARK [1][-]{section.5.1}{\376\377\000C\000o\000n\000t\000e\000x\000t\000o\000\040\000H\000i\000s\000t\000\363\000r\000i\000c\000o\000\040\000e\000\040\000o\000\040\000W\000h\000i\000t\000e\000p\000a\000p\000e\000r\000\040\000d\000e\000\040\000S\000a\000t\000o\000s\000h\000i\000\040\000N\000a\000k\000a\000m\000o\000t\000o}{chapter.5}% 78
\BOOKMARK [1][-]{section.5.2}{\376\377\000C\000r\000i\000p\000t\000o\000g\000r\000a\000f\000i\000a\000\040\000d\000e\000\040\000C\000h\000a\000v\000e\000s\000\040\000e\000\040\000P\000o\000s\000s\000e\000\040\000d\000e\000\040\000B\000i\000t\000c\000o\000i\000n}{chapter.5}% 79
\BOOKMARK [2][-]{subsection.5.2.1}{\376\377\000C\000h\000a\000v\000e\000\040\000P\000r\000i\000v\000a\000d\000a}{section.5.2}% 80
\BOOKMARK [2][-]{subsection.5.2.2}{\376\377\000C\000h\000a\000v\000e\000\040\000P\000\372\000b\000l\000i\000c\000a}{section.5.2}% 81
\BOOKMARK [2][-]{subsection.5.2.3}{\376\377\000E\000n\000d\000e\000r\000e\000\347\000o\000\040\000B\000i\000t\000c\000o\000i\000n}{section.5.2}% 82
\BOOKMARK [2][-]{subsection.5.2.4}{\376\377\000C\000u\000s\000t\000\363\000d\000i\000a\000\040\000e\000\040\000C\000a\000r\000t\000e\000i\000r\000a\000s}{section.5.2}% 83
\BOOKMARK [1][-]{section.5.3}{\376\377\000E\000s\000t\000r\000u\000t\000u\000r\000a\000\040\000d\000o\000\040\000B\000l\000o\000c\000o\000\040\000B\000i\000t\000c\000o\000i\000n}{chapter.5}% 84
\BOOKMARK [2][-]{subsection.5.3.1}{\376\377\000C\000a\000b\000e\000\347\000a\000l\000h\000o\000\040\000d\000o\000\040\000B\000l\000o\000c\000o}{section.5.3}% 85
\BOOKMARK [2][-]{subsection.5.3.2}{\376\377\000C\000o\000r\000p\000o\000\040\000d\000o\000\040\000B\000l\000o\000c\000o\000\040\000e\000\040\000a\000\040\000T\000r\000a\000n\000s\000a\000\347\000\343\000o\000\040\000C\000o\000i\000n\000b\000a\000s\000e}{section.5.3}% 86
\BOOKMARK [2][-]{subsection.5.3.3}{\376\377\000E\000n\000c\000a\000d\000e\000a\000m\000e\000n\000t\000o\000\040\000e\000\040\000I\000m\000u\000t\000a\000b\000i\000l\000i\000d\000a\000d\000e}{section.5.3}% 87
\BOOKMARK [1][-]{section.5.4}{\376\377\000T\000r\000a\000n\000s\000a\000\347\000\365\000e\000s\000\040\000e\000\040\000o\000\040\000M\000o\000d\000e\000l\000o\000\040\000U\000T\000X\000O}{chapter.5}% 88
\BOOKMARK [2][-]{subsection.5.4.1}{\376\377\000O\000\040\000M\000o\000d\000e\000l\000o\000\040\000U\000T\000X\000O}{section.5.4}% 89
\BOOKMARK [2][-]{subsection.5.4.2}{\376\377\000E\000s\000t\000r\000u\000t\000u\000r\000a\000\040\000d\000e\000\040\000u\000m\000a\000\040\000T\000r\000a\000n\000s\000a\000\347\000\343\000o}{section.5.4}% 90
\BOOKMARK [2][-]{subsection.5.4.3}{\376\377\000S\000c\000r\000i\000p\000t\000s\000\040\000e\000\040\000P\0002\000P\000K\000H}{section.5.4}% 91
\BOOKMARK [2][-]{subsection.5.4.4}{\376\377\000C\000i\000c\000l\000o\000\040\000d\000e\000\040\000V\000i\000d\000a\000\040\000d\000e\000\040\000u\000m\000a\000\040\000T\000r\000a\000n\000s\000a\000\347\000\343\000o\000\040\000e\000\040\000a\000\040\000M\000e\000m\000p\000o\000o\000l}{section.5.4}% 92
\BOOKMARK [1][-]{section.5.5}{\376\377\000M\000i\000n\000e\000r\000a\000\347\000\343\000o\000\040\000e\000\040\000P\000r\000o\000v\000a\000\040\000d\000e\000\040\000T\000r\000a\000b\000a\000l\000h\000o}{chapter.5}% 93
\BOOKMARK [2][-]{subsection.5.5.1}{\376\377\000O\000\040\000P\000r\000o\000b\000l\000e\000m\000a\000\040\000d\000o\000\040\000N\000o\000n\000c\000e\000\040\000e\000\040\000o\000\040\000A\000l\000v\000o\000\040\000d\000e\000\040\000D\000i\000f\000i\000c\000u\000l\000d\000a\000d\000e}{section.5.5}% 94
\BOOKMARK [2][-]{subsection.5.5.2}{\376\377\000A\000j\000u\000s\000t\000e\000\040\000d\000e\000\040\000D\000i\000f\000i\000c\000u\000l\000d\000a\000d\000e}{section.5.5}% 95
\BOOKMARK [2][-]{subsection.5.5.3}{\376\377\000R\000e\000c\000o\000m\000p\000e\000n\000s\000a\000\040\000e\000\040\000H\000a\000l\000v\000i\000n\000g}{section.5.5}% 96
\BOOKMARK [2][-]{subsection.5.5.4}{\376\377\000E\000v\000o\000l\000u\000\347\000\343\000o\000\040\000d\000o\000\040\000H\000a\000r\000d\000w\000a\000r\000e\000\040\000d\000e\000\040\000M\000i\000n\000e\000r\000a\000\347\000\343\000o}{section.5.5}% 97
\BOOKMARK [2][-]{subsection.5.5.5}{\376\377\000P\000o\000o\000l\000s\000\040\000d\000e\000\040\000M\000i\000n\000e\000r\000a\000\347\000\343\000o}{section.5.5}% 98
\BOOKMARK [1][-]{section.5.6}{\376\377\000A\000\040\000C\000a\000d\000e\000i\000a\000:\000\040\000E\000n\000c\000a\000d\000e\000a\000m\000e\000n\000t\000o\000,\000\040\000I\000m\000u\000t\000a\000b\000i\000l\000i\000d\000a\000d\000e\000\040\000e\000\040\000R\000e\000o\000r\000g\000a\000n\000i\000z\000a\000\347\000\343\000o}{chapter.5}% 99
\BOOKMARK [2][-]{subsection.5.6.1}{\376\377\000E\000n\000c\000a\000d\000e\000a\000m\000e\000n\000t\000o\000\040\000p\000o\000r\000\040\000H\000a\000s\000h}{section.5.6}% 100
\BOOKMARK [2][-]{subsection.5.6.2}{\376\377\000F\000o\000r\000k\000s\000\040\000e\000\040\000R\000e\000o\000r\000g\000a\000n\000i\000z\000a\000\347\000\343\000o}{section.5.6}% 101
\BOOKMARK [1][-]{section.5.7}{\376\377\000A\000\040\000R\000e\000d\000e\000\040\000P\000e\000e\000r\000-\000t\000o\000-\000P\000e\000e\000r}{chapter.5}% 102
\BOOKMARK [2][-]{subsection.5.7.1}{\376\377\000D\000e\000s\000c\000o\000b\000e\000r\000t\000a\000\040\000e\000\040\000P\000r\000o\000p\000a\000g\000a\000\347\000\343\000o}{section.5.7}% 103
\BOOKMARK [2][-]{subsection.5.7.2}{\376\377\000T\000i\000p\000o\000s\000\040\000d\000e\000\040\000N\000\363\000s}{section.5.7}% 104
\BOOKMARK [2][-]{subsection.5.7.3}{\376\377\000B\000l\000o\000o\000m\000\040\000F\000i\000l\000t\000e\000r\000s\000\040\000e\000\040\000P\000r\000i\000v\000a\000c\000i\000d\000a\000d\000e\000\040\000e\000m\000\040\000S\000P\000V}{section.5.7}% 105
\BOOKMARK [1][-]{section.5.8}{\376\377\000C\000a\000r\000t\000e\000i\000r\000a\000s\000\040\000B\000i\000t\000c\000o\000i\000n}{chapter.5}% 106
\BOOKMARK [2][-]{subsection.5.8.1}{\376\377\000T\000i\000p\000o\000s\000\040\000d\000e\000\040\000C\000a\000r\000t\000e\000i\000r\000a\000s}{section.5.8}% 107
\BOOKMARK [2][-]{subsection.5.8.2}{\376\377\000H\000D\000\040\000W\000a\000l\000l\000e\000t\000s\000,\000\040\000B\000I\000P\0003\0002\000/\0003\0009\000/\0004\0004\000\040\000e\000\040\000S\000e\000e\000d\000\040\000P\000h\000r\000a\000s\000e\000s}{section.5.8}% 108
\BOOKMARK [1][-]{section.5.9}{\376\377\000L\000i\000m\000i\000t\000a\000\347\000\365\000e\000s\000\040\000e\000\040\000C\000r\000\355\000t\000i\000c\000a\000s\000\040\000a\000o\000\040\000B\000i\000t\000c\000o\000i\000n}{chapter.5}% 109
\BOOKMARK [2][-]{subsection.5.9.1}{\376\377\000T\000h\000r\000o\000u\000g\000h\000p\000u\000t\000\040\000e\000\040\000E\000s\000c\000a\000l\000a\000b\000i\000l\000i\000d\000a\000d\000e}{section.5.9}% 110
\BOOKMARK [2][-]{subsection.5.9.2}{\376\377\000C\000o\000n\000s\000u\000m\000o\000\040\000E\000n\000e\000r\000g\000\351\000t\000i\000c\000o}{section.5.9}% 111
\BOOKMARK [2][-]{subsection.5.9.3}{\376\377\000P\000r\000o\000g\000r\000a\000m\000a\000b\000i\000l\000i\000d\000a\000d\000e\000\040\000L\000i\000m\000i\000t\000a\000d\000a}{section.5.9}% 112
\BOOKMARK [2][-]{subsection.5.9.4}{\376\377\000P\000r\000i\000v\000a\000c\000i\000d\000a\000d\000e}{section.5.9}% 113
\BOOKMARK [2][-]{subsection.5.9.5}{\376\377\000V\000u\000l\000n\000e\000r\000a\000b\000i\000l\000i\000d\000a\000d\000e\000s\000\040\000e\000\040\000B\000u\000g\000s\000\040\000H\000i\000s\000t\000\363\000r\000i\000c\000o\000s}{section.5.9}% 114
\BOOKMARK [0][-]{chapter.6}{\376\377\000C\000o\000n\000t\000r\000a\000t\000o\000s\000\040\000I\000n\000t\000e\000l\000i\000g\000e\000n\000t\000e\000s\000,\000\040\000A\000p\000l\000i\000c\000a\000\347\000\365\000e\000s\000\040\000D\000e\000s\000c\000e\000n\000t\000r\000a\000l\000i\000z\000a\000d\000a\000s\000\040\000e\000\040\000O\000r\000\341\000c\000u\000l\000o\000s}{}% 115
\BOOKMARK [1][-]{section.6.1}{\376\377\000D\000a\000\040\000B\000l\000o\000c\000k\000c\000h\000a\000i\000n\000\040\000c\000o\000m\000o\000\040\000R\000e\000g\000i\000s\000t\000r\000o\000\040\000\340\000\040\000B\000l\000o\000c\000k\000c\000h\000a\000i\000n\000\040\000P\000r\000o\000g\000r\000a\000m\000\341\000v\000e\000l}{chapter.6}% 116
\BOOKMARK [1][-]{section.6.2}{\376\377\000P\000r\000o\000p\000r\000i\000e\000d\000a\000d\000e\000s\000\040\000d\000o\000s\000\040\000C\000o\000n\000t\000r\000a\000t\000o\000s\000\040\000I\000n\000t\000e\000l\000i\000g\000e\000n\000t\000e\000s}{chapter.6}% 117
\BOOKMARK [1][-]{section.6.3}{\376\377\000S\000m\000a\000r\000t\000\040\000C\000o\000n\000t\000r\000a\000c\000t\000s\000\040\000n\000o\000\040\000B\000i\000t\000c\000o\000i\000n\000\040\000e\000\040\000n\000o\000\040\000E\000t\000h\000e\000r\000e\000u\000m}{chapter.6}% 118
\BOOKMARK [1][-]{section.6.4}{\376\377\000A\000p\000l\000i\000c\000a\000\347\000\365\000e\000s\000\040\000D\000e\000s\000c\000e\000n\000t\000r\000a\000l\000i\000z\000a\000d\000a\000s}{chapter.6}% 119
\BOOKMARK [1][-]{section.6.5}{\376\377\000D\000A\000O\000s\000\040\000e\000\040\000o\000\040\000P\000r\000o\000b\000l\000e\000m\000a\000\040\000d\000a\000\040\000G\000o\000v\000e\000r\000n\000a\000n\000\347\000a}{chapter.6}% 120
\BOOKMARK [1][-]{section.6.6}{\376\377\000O\000r\000\341\000c\000u\000l\000o\000s\000\040\000e\000\040\000a\000\040\000P\000o\000n\000t\000e\000\040\000c\000o\000m\000\040\000o\000\040\000M\000u\000n\000d\000o\000\040\000R\000e\000a\000l}{chapter.6}% 121
\BOOKMARK [0][-]{chapter.7}{\376\377\000A\000r\000q\000u\000i\000t\000e\000t\000u\000r\000a\000\040\000d\000o\000\040\000E\000t\000h\000e\000r\000e\000u\000m}{}% 122
\BOOKMARK [1][-]{section.7.1}{\376\377\000E\000t\000h\000e\000r\000e\000u\000m\000\040\000c\000o\000m\000o\000\040\000M\000\341\000q\000u\000i\000n\000a\000\040\000d\000e\000\040\000E\000s\000t\000a\000d\000o\000s\000\040\000P\000r\000o\000g\000r\000a\000m\000\341\000v\000e\000l}{chapter.7}% 123
\BOOKMARK [1][-]{section.7.2}{\376\377\000C\000o\000n\000t\000a\000s\000,\000\040\000C\000h\000a\000v\000e\000s\000\040\000e\000\040\000E\000n\000d\000e\000r\000e\000\347\000o\000s}{chapter.7}% 124
\BOOKMARK [1][-]{section.7.3}{\376\377\000T\000r\000a\000n\000s\000a\000\347\000\365\000e\000s\000,\000\040\000M\000e\000n\000s\000a\000g\000e\000n\000s\000\040\000e\000\040\000G\000a\000s}{chapter.7}% 125
\BOOKMARK [1][-]{section.7.4}{\376\377\000E\000t\000h\000e\000r\000e\000u\000m\000\040\000V\000i\000r\000t\000u\000a\000l\000\040\000M\000a\000c\000h\000i\000n\000e}{chapter.7}% 126
\BOOKMARK [1][-]{section.7.5}{\376\377\000E\000s\000t\000r\000u\000t\000u\000r\000a\000s\000\040\000d\000e\000\040\000D\000a\000d\000o\000s\000\040\000e\000\040\000E\000s\000t\000a\000d\000o}{chapter.7}% 127
\BOOKMARK [1][-]{section.7.6}{\376\377\000C\000o\000n\000s\000e\000n\000s\000o\000\040\000e\000\040\000a\000\040\000T\000r\000a\000n\000s\000i\000\347\000\343\000o\000\040\000p\000a\000r\000a\000\040\000P\000r\000o\000o\000f\000\040\000o\000f\000\040\000S\000t\000a\000k\000e}{chapter.7}% 128
\BOOKMARK [1][-]{section.7.7}{\376\377\000T\000o\000k\000e\000n\000s\000,\000\040\000P\000a\000d\000r\000\365\000e\000s\000\040\000e\000\040\000E\000c\000o\000s\000s\000i\000s\000t\000e\000m\000a}{chapter.7}% 129
\BOOKMARK [0][-]{chapter.8}{\376\377\000C\000o\000n\000c\000l\000u\000s\000\343\000o}{}% 130
